<?xml version="1.0" encoding="UTF-8"?>
<testng-results total="1" passed="1" failed="0" skipped="0">
  <reporter-output>
  </reporter-output>
  <suite started-at="2022-10-31T10:06:23Z" name="Default suite" finished-at="2022-10-31T10:06:50Z" duration-ms="27690">
    <groups>
    </groups>
    <test started-at="2022-10-31T10:06:23Z" name="Default test" finished-at="2022-10-31T10:06:50Z" duration-ms="27690">
      <class name="jsexecutor.demo1test">
        <test-method is-config="true" signature="test1()[pri:0, instance:jsexecutor.demo1test@39ac0c0a]" started-at="2022-10-31T15:36:23Z" name="test1" finished-at="2022-10-31T15:36:44Z" duration-ms="21398" status="PASS">
          <reporter-output>
          </reporter-output>
        </test-method> <!-- test1 -->
        <test-method signature="test2()[pri:0, instance:jsexecutor.demo1test@39ac0c0a]" started-at="2022-10-31T15:36:44Z" name="test2" finished-at="2022-10-31T15:36:50Z" duration-ms="6263" status="PASS">
          <reporter-output>
          </reporter-output>
        </test-method> <!-- test2 -->
      </class> <!-- jsexecutor.demo1test -->
    </test> <!-- Default test -->
  </suite> <!-- Default suite -->
</testng-results>
